#
# There is insufficient memory for the Java Runtime Environment to continue.
# Native memory allocation (malloc) failed to allocate 1670432 bytes. Error detail: Chunk::new
# Possible reasons:
#   The system is out of physical RAM or swap space
#   This process is running with CompressedOops enabled, and the Java Heap may be blocking the growth of the native heap
# Possible solutions:
#   Reduce memory load on the system
#   Increase physical memory or swap space
#   Check if swap backing store is full
#   Decrease Java heap size (-Xmx/-Xms)
#   Decrease number of Java threads
#   Decrease Java thread stack sizes (-Xss)
#   Set larger code cache with -XX:ReservedCodeCacheSize=
#   JVM is running with Unscaled Compressed Oops mode in which the Java heap is
#     placed in the first 4GB address space. The Java Heap base address is the
#     maximum limit for the native heap growth. Please use -XX:HeapBaseMinAddress
#     to set the Java Heap base and to place the Java Heap above 4GB virtual address.
# This output file may be truncated or incomplete.
#
#  Out of Memory Error (arena.cpp:168), pid=8312, tid=4492
#
# JRE version: OpenJDK Runtime Environment Temurin-21.0.5+11 (21.0.5+11) (build 21.0.5+11-LTS)
# Java VM: OpenJDK 64-Bit Server VM Temurin-21.0.5+11 (21.0.5+11-LTS, mixed mode, sharing, tiered, compressed oops, compressed class ptrs, g1 gc, windows-amd64)
# No core dump will be written. Minidumps are not enabled by default on client versions of Windows
#

---------------  S U M M A R Y ------------

Command Line: -Dfile.encoding=UTF-8 -Dstdout.encoding=UTF-8 -Dstderr.encoding=UTF-8 -XX:+ShowCodeDetailsInExceptionMessages myy803.springboot.sb_tutorial_7_signup_signin.SbTutorial7SignupSigninApplication

Host: Intel(R) Celeron(R) 6305 @ 1.80GHz, 2 cores, 3G,  Windows 11 , 64 bit Build 26100 (10.0.26100.3323)
Time: Mon Mar 24 20:20:04 2025  Windows 11 , 64 bit Build 26100 (10.0.26100.3323) elapsed time: 24.062316 seconds (0d 0h 0m 24s)

---------------  T H R E A D  ---------------

Current thread (0x00000161fa9c63e0):  JavaThread "C2 CompilerThread0" daemon [_thread_in_native, id=4492, stack(0x0000005578e00000,0x0000005578f00000) (1024K)]


Current CompileTask:
C2:24062 6663   !   4       org.springframework.beans.factory.support.DefaultListableBeanFactory::doGetBeanNamesForType (505 bytes)

Stack: [0x0000005578e00000,0x0000005578f00000]
Native frames: (J=compiled Java code, j=interpreted, Vv=VM code, C=native code)
V  [jvm.dll+0x6cd4e9]
V  [jvm.dll+0x8a7941]
V  [jvm.dll+0x8a9e6e]
V  [jvm.dll+0x8aa543]
V  [jvm.dll+0x27f6d6]
V  [jvm.dll+0xc500d]
V  [jvm.dll+0xc5543]
V  [jvm.dll+0x3b660c]
V  [jvm.dll+0x382835]
V  [jvm.dll+0x381c9a]
V  [jvm.dll+0x2479d0]
V  [jvm.dll+0x246faf]
V  [jvm.dll+0x1c75ce]
V  [jvm.dll+0x25682a]
V  [jvm.dll+0x254dca]
V  [jvm.dll+0x3f00d6]
V  [jvm.dll+0x8514fb]
V  [jvm.dll+0x6cbbed]
C  [ucrtbase.dll+0x37b0]
C  [KERNEL32.DLL+0x2e8d7]
C  [ntdll.dll+0xbbf6c]


---------------  P R O C E S S  ---------------

Threads class SMR info:
_java_thread_list=0x00000161d2473c60, length=18, elements={
0x00000161f19bbd30, 0x00000161fa9b0f90, 0x00000161fa9b3190, 0x00000161fa9b7500,
0x00000161fa9b8040, 0x00000161fa9c0a10, 0x00000161fa9c1550, 0x00000161fa9c63e0,
0x00000161faa34c30, 0x00000161fac61890, 0x00000161fac71e40, 0x00000161ff6e3ce0,
0x00000161ff717130, 0x00000161d1c18880, 0x00000161d104eda0, 0x00000161d104f400,
0x00000161d19e83d0, 0x00000161d23fdf40
}

Java Threads: ( => current thread )
  0x00000161f19bbd30 JavaThread "main"                              [_thread_blocked, id=6828, stack(0x0000005578000000,0x0000005578100000) (1024K)]
  0x00000161fa9b0f90 JavaThread "Reference Handler"          daemon [_thread_blocked, id=10300, stack(0x0000005578800000,0x0000005578900000) (1024K)]
  0x00000161fa9b3190 JavaThread "Finalizer"                  daemon [_thread_blocked, id=2496, stack(0x0000005578900000,0x0000005578a00000) (1024K)]
  0x00000161fa9b7500 JavaThread "Signal Dispatcher"          daemon [_thread_blocked, id=11868, stack(0x0000005578a00000,0x0000005578b00000) (1024K)]
  0x00000161fa9b8040 JavaThread "Attach Listener"            daemon [_thread_blocked, id=12376, stack(0x0000005578b00000,0x0000005578c00000) (1024K)]
  0x00000161fa9c0a10 JavaThread "Service Thread"             daemon [_thread_blocked, id=6908, stack(0x0000005578c00000,0x0000005578d00000) (1024K)]
  0x00000161fa9c1550 JavaThread "Monitor Deflation Thread"   daemon [_thread_blocked, id=12384, stack(0x0000005578d00000,0x0000005578e00000) (1024K)]
=>0x00000161fa9c63e0 JavaThread "C2 CompilerThread0"         daemon [_thread_in_native, id=4492, stack(0x0000005578e00000,0x0000005578f00000) (1024K)]
  0x00000161faa34c30 JavaThread "C1 CompilerThread0"         daemon [_thread_blocked, id=13448, stack(0x0000005578f00000,0x0000005579000000) (1024K)]
  0x00000161fac61890 JavaThread "Notification Thread"        daemon [_thread_blocked, id=15504, stack(0x0000005579000000,0x0000005579100000) (1024K)]
  0x00000161fac71e40 JavaThread "Common-Cleaner"             daemon [_thread_blocked, id=13148, stack(0x0000005579100000,0x0000005579200000) (1024K)]
  0x00000161ff6e3ce0 JavaThread "Thread-0"                          [_thread_blocked, id=1928, stack(0x0000005579300000,0x0000005579400000) (1024K)]
  0x00000161ff717130 JavaThread "restartedMain"                     [_thread_in_vm, id=3076, stack(0x0000005579400000,0x0000005579500000) (1024K)]
  0x00000161d1c18880 JavaThread "Catalina-utility-1"                [_thread_blocked, id=12612, stack(0x0000005579500000,0x0000005579600000) (1024K)]
  0x00000161d104eda0 JavaThread "Catalina-utility-2"                [_thread_blocked, id=4184, stack(0x0000005579600000,0x0000005579700000) (1024K)]
  0x00000161d104f400 JavaThread "container-0"                       [_thread_blocked, id=14520, stack(0x0000005579700000,0x0000005579800000) (1024K)]
  0x00000161d19e83d0 JavaThread "mysql-cj-abandoned-connection-cleanup" daemon [_thread_blocked, id=12248, stack(0x0000005579800000,0x0000005579900000) (1024K)]
  0x00000161d23fdf40 JavaThread "HikariPool-1 housekeeper"   daemon [_thread_blocked, id=14312, stack(0x0000005579a00000,0x0000005579b00000) (1024K)]
Total: 18

Other Threads:
  0x00000161fa9935f0 VMThread "VM Thread"                           [id=14184, stack(0x0000005578700000,0x0000005578800000) (1024K)]
  0x00000161fa98cde0 WatcherThread "VM Periodic Task Thread"        [id=10148, stack(0x0000005578600000,0x0000005578700000) (1024K)]
  0x00000161f33f5d90 WorkerThread "GC Thread#0"                     [id=2044, stack(0x0000005578100000,0x0000005578200000) (1024K)]
  0x00000161fad82d40 WorkerThread "GC Thread#1"                     [id=15796, stack(0x0000005579200000,0x0000005579300000) (1024K)]
  0x00000161f33fe5d0 ConcurrentGCThread "G1 Main Marker"            [id=14888, stack(0x0000005578200000,0x0000005578300000) (1024K)]
  0x00000161f33fef70 WorkerThread "G1 Conc#0"                       [id=9624, stack(0x0000005578300000,0x0000005578400000) (1024K)]
  0x00000161f344faa0 ConcurrentGCThread "G1 Refine#0"               [id=1168, stack(0x0000005578400000,0x0000005578500000) (1024K)]
  0x00000161f3451970 ConcurrentGCThread "G1 Service"                [id=13932, stack(0x0000005578500000,0x0000005578600000) (1024K)]
Total: 8

Threads with active compile tasks:
C2 CompilerThread0  24096 6663   !   4       org.springframework.beans.factory.support.DefaultListableBeanFactory::doGetBeanNamesForType (505 bytes)
Total: 1

VM state: not at safepoint (normal execution)

VM Mutex/Monitor currently owned by a thread: None

Heap address: 0x00000000c3200000, size: 974 MB, Compressed Oops mode: 32-bit

CDS archive(s) mapped at: [0x000001618f000000-0x000001618fc80000-0x000001618fc80000), size 13107200, SharedBaseAddress: 0x000001618f000000, ArchiveRelocationMode: 1.
Compressed class space mapped at: 0x0000016190000000-0x00000161d0000000, reserved size: 1073741824
Narrow klass base: 0x000001618f000000, Narrow klass shift: 0, Narrow klass range: 0x100000000

GC Precious Log:
 CardTable entry size: 512
 Card Set container configuration: InlinePtr #cards 5 size 8 Array Of Cards #cards 12 size 40 Howl #buckets 4 coarsen threshold 1843 Howl Bitmap #cards 512 size 80 coarsen threshold 460 Card regions per heap region 1 cards per card region 2048
 CPUs: 2 total, 2 available
 Memory: 3895M
 Large Page Support: Disabled
 NUMA Support: Disabled
 Compressed Oops: Enabled (32-bit)
 Heap Region Size: 1M
 Heap Min Capacity: 8M
 Heap Initial Capacity: 62M
 Heap Max Capacity: 974M
 Pre-touch: Disabled
 Parallel Workers: 2
 Concurrent Workers: 1
 Concurrent Refinement Workers: 2
 Periodic GC: Disabled

Heap:
 garbage-first heap   total 58368K, used 41858K [0x00000000c3200000, 0x0000000100000000)
  region size 1024K, 16 young (16384K), 4 survivors (4096K)
 Metaspace       used 67926K, committed 68608K, reserved 1114112K
  class space    used 8974K, committed 9280K, reserved 1048576K

Heap Regions: E=young(eden), S=young(survivor), O=old, HS=humongous(starts), HC=humongous(continues), CS=collection set, F=free, TAMS=top-at-mark-start, PB=parsable bottom
|   0|0x00000000c3200000, 0x00000000c3300000, 0x00000000c3300000|100%|HS|  |TAMS 0x00000000c3200000| PB 0x00000000c3200000| Complete 
|   1|0x00000000c3300000, 0x00000000c3400000, 0x00000000c3400000|100%| O|  |TAMS 0x00000000c3300000| PB 0x00000000c3300000| Untracked 
|   2|0x00000000c3400000, 0x00000000c3500000, 0x00000000c3500000|100%| O|  |TAMS 0x00000000c3400000| PB 0x00000000c3400000| Untracked 
|   3|0x00000000c3500000, 0x00000000c3600000, 0x00000000c3600000|100%| O|  |TAMS 0x00000000c3500000| PB 0x00000000c3500000| Untracked 
|   4|0x00000000c3600000, 0x00000000c3700000, 0x00000000c3700000|100%| O|  |TAMS 0x00000000c3600000| PB 0x00000000c3600000| Untracked 
|   5|0x00000000c3700000, 0x00000000c3800000, 0x00000000c3800000|100%| O|  |TAMS 0x00000000c3700000| PB 0x00000000c3700000| Untracked 
|   6|0x00000000c3800000, 0x00000000c3900000, 0x00000000c3900000|100%| O|  |TAMS 0x00000000c3800000| PB 0x00000000c3800000| Untracked 
|   7|0x00000000c3900000, 0x00000000c3a00000, 0x00000000c3a00000|100%| O|  |TAMS 0x00000000c3900000| PB 0x00000000c3900000| Untracked 
|   8|0x00000000c3a00000, 0x00000000c3b00000, 0x00000000c3b00000|100%| O|  |TAMS 0x00000000c3a00000| PB 0x00000000c3a00000| Untracked 
|   9|0x00000000c3b00000, 0x00000000c3c00000, 0x00000000c3c00000|100%| O|  |TAMS 0x00000000c3b00000| PB 0x00000000c3b00000| Untracked 
|  10|0x00000000c3c00000, 0x00000000c3d00000, 0x00000000c3d00000|100%| O|  |TAMS 0x00000000c3c00000| PB 0x00000000c3c00000| Untracked 
|  11|0x00000000c3d00000, 0x00000000c3e00000, 0x00000000c3e00000|100%| O|  |TAMS 0x00000000c3d00000| PB 0x00000000c3d00000| Untracked 
|  12|0x00000000c3e00000, 0x00000000c3f00000, 0x00000000c3f00000|100%| O|  |TAMS 0x00000000c3e00000| PB 0x00000000c3e00000| Untracked 
|  13|0x00000000c3f00000, 0x00000000c4000000, 0x00000000c4000000|100%| O|  |TAMS 0x00000000c3f00000| PB 0x00000000c3f00000| Untracked 
|  14|0x00000000c4000000, 0x00000000c4100000, 0x00000000c4100000|100%| O|  |TAMS 0x00000000c4000000| PB 0x00000000c4000000| Untracked 
|  15|0x00000000c4100000, 0x00000000c4200000, 0x00000000c4200000|100%| O|  |TAMS 0x00000000c4100000| PB 0x00000000c4100000| Untracked 
|  16|0x00000000c4200000, 0x00000000c4300000, 0x00000000c4300000|100%| O|  |TAMS 0x00000000c4200000| PB 0x00000000c4200000| Untracked 
|  17|0x00000000c4300000, 0x00000000c4400000, 0x00000000c4400000|100%| O|  |TAMS 0x00000000c4300000| PB 0x00000000c4300000| Untracked 
|  18|0x00000000c4400000, 0x00000000c4500000, 0x00000000c4500000|100%| O|  |TAMS 0x00000000c4400000| PB 0x00000000c4400000| Untracked 
|  19|0x00000000c4500000, 0x00000000c4600000, 0x00000000c4600000|100%| O|  |TAMS 0x00000000c4500000| PB 0x00000000c4500000| Untracked 
|  20|0x00000000c4600000, 0x00000000c4700000, 0x00000000c4700000|100%| O|  |TAMS 0x00000000c4600000| PB 0x00000000c4600000| Untracked 
|  21|0x00000000c4700000, 0x00000000c4700000, 0x00000000c4800000|  0%| F|  |TAMS 0x00000000c4700000| PB 0x00000000c4700000| Untracked 
|  22|0x00000000c4800000, 0x00000000c4900000, 0x00000000c4900000|100%| O|  |TAMS 0x00000000c4800000| PB 0x00000000c4800000| Untracked 
|  23|0x00000000c4900000, 0x00000000c4a00000, 0x00000000c4a00000|100%| O|Cm|TAMS 0x00000000c4900000| PB 0x00000000c4900000| Complete 
|  24|0x00000000c4a00000, 0x00000000c4b00000, 0x00000000c4b00000|100%| O|  |TAMS 0x00000000c4a00000| PB 0x00000000c4a00000| Untracked 
|  25|0x00000000c4b00000, 0x00000000c4c00000, 0x00000000c4c00000|100%| O|  |TAMS 0x00000000c4b00000| PB 0x00000000c4b00000| Untracked 
|  26|0x00000000c4c00000, 0x00000000c4c35020, 0x00000000c4d00000| 20%| S|CS|TAMS 0x00000000c4c00000| PB 0x00000000c4c00000| Complete 
|  27|0x00000000c4d00000, 0x00000000c4e00000, 0x00000000c4e00000|100%| S|CS|TAMS 0x00000000c4d00000| PB 0x00000000c4d00000| Complete 
|  28|0x00000000c4e00000, 0x00000000c4f00000, 0x00000000c4f00000|100%| S|CS|TAMS 0x00000000c4e00000| PB 0x00000000c4e00000| Complete 
|  29|0x00000000c4f00000, 0x00000000c5000000, 0x00000000c5000000|100%| S|CS|TAMS 0x00000000c4f00000| PB 0x00000000c4f00000| Complete 
|  30|0x00000000c5000000, 0x00000000c5100000, 0x00000000c5100000|100%| O|  |TAMS 0x00000000c5000000| PB 0x00000000c5000000| Untracked 
|  31|0x00000000c5100000, 0x00000000c51ab980, 0x00000000c5200000| 67%| O|  |TAMS 0x00000000c5100000| PB 0x00000000c5100000| Untracked 
|  32|0x00000000c5200000, 0x00000000c5200000, 0x00000000c5300000|  0%| F|  |TAMS 0x00000000c5200000| PB 0x00000000c5200000| Untracked 
|  33|0x00000000c5300000, 0x00000000c5300000, 0x00000000c5400000|  0%| F|  |TAMS 0x00000000c5300000| PB 0x00000000c5300000| Untracked 
|  34|0x00000000c5400000, 0x00000000c5400000, 0x00000000c5500000|  0%| F|  |TAMS 0x00000000c5400000| PB 0x00000000c5400000| Untracked 
|  35|0x00000000c5500000, 0x00000000c5500000, 0x00000000c5600000|  0%| F|  |TAMS 0x00000000c5500000| PB 0x00000000c5500000| Untracked 
|  36|0x00000000c5600000, 0x00000000c5600000, 0x00000000c5700000|  0%| F|  |TAMS 0x00000000c5600000| PB 0x00000000c5600000| Untracked 
|  37|0x00000000c5700000, 0x00000000c5700000, 0x00000000c5800000|  0%| F|  |TAMS 0x00000000c5700000| PB 0x00000000c5700000| Untracked 
|  38|0x00000000c5800000, 0x00000000c5800000, 0x00000000c5900000|  0%| F|  |TAMS 0x00000000c5800000| PB 0x00000000c5800000| Untracked 
|  39|0x00000000c5900000, 0x00000000c5900000, 0x00000000c5a00000|  0%| F|  |TAMS 0x00000000c5900000| PB 0x00000000c5900000| Untracked 
|  40|0x00000000c5a00000, 0x00000000c5a00000, 0x00000000c5b00000|  0%| F|  |TAMS 0x00000000c5a00000| PB 0x00000000c5a00000| Untracked 
|  41|0x00000000c5b00000, 0x00000000c5b00000, 0x00000000c5c00000|  0%| F|  |TAMS 0x00000000c5b00000| PB 0x00000000c5b00000| Untracked 
|  42|0x00000000c5c00000, 0x00000000c5c00000, 0x00000000c5d00000|  0%| F|  |TAMS 0x00000000c5c00000| PB 0x00000000c5c00000| Untracked 
|  43|0x00000000c5d00000, 0x00000000c5d00000, 0x00000000c5e00000|  0%| F|  |TAMS 0x00000000c5d00000| PB 0x00000000c5d00000| Untracked 
|  44|0x00000000c5e00000, 0x00000000c5e00000, 0x00000000c5f00000|  0%| F|  |TAMS 0x00000000c5e00000| PB 0x00000000c5e00000| Untracked 
|  45|0x00000000c5f00000, 0x00000000c5f6b6c0, 0x00000000c6000000| 41%| E|  |TAMS 0x00000000c5f00000| PB 0x00000000c5f00000| Complete 
|  46|0x00000000c6000000, 0x00000000c6100000, 0x00000000c6100000|100%| E|CS|TAMS 0x00000000c6000000| PB 0x00000000c6000000| Complete 
|  47|0x00000000c6100000, 0x00000000c6200000, 0x00000000c6200000|100%| E|CS|TAMS 0x00000000c6100000| PB 0x00000000c6100000| Complete 
|  48|0x00000000c6200000, 0x00000000c6300000, 0x00000000c6300000|100%| E|CS|TAMS 0x00000000c6200000| PB 0x00000000c6200000| Complete 
|  49|0x00000000c6300000, 0x00000000c6400000, 0x00000000c6400000|100%| E|CS|TAMS 0x00000000c6300000| PB 0x00000000c6300000| Complete 
|  50|0x00000000c6400000, 0x00000000c6500000, 0x00000000c6500000|100%| E|CS|TAMS 0x00000000c6400000| PB 0x00000000c6400000| Complete 
|  51|0x00000000c6500000, 0x00000000c6600000, 0x00000000c6600000|100%| E|CS|TAMS 0x00000000c6500000| PB 0x00000000c6500000| Complete 
|  52|0x00000000c6600000, 0x00000000c6700000, 0x00000000c6700000|100%| E|CS|TAMS 0x00000000c6600000| PB 0x00000000c6600000| Complete 
|  53|0x00000000c6700000, 0x00000000c6800000, 0x00000000c6800000|100%| E|CS|TAMS 0x00000000c6700000| PB 0x00000000c6700000| Complete 
|  57|0x00000000c6b00000, 0x00000000c6c00000, 0x00000000c6c00000|100%| E|CS|TAMS 0x00000000c6b00000| PB 0x00000000c6b00000| Complete 
|  58|0x00000000c6c00000, 0x00000000c6d00000, 0x00000000c6d00000|100%| E|CS|TAMS 0x00000000c6c00000| PB 0x00000000c6c00000| Complete 
|  59|0x00000000c6d00000, 0x00000000c6e00000, 0x00000000c6e00000|100%| E|CS|TAMS 0x00000000c6d00000| PB 0x00000000c6d00000| Complete 

Card table byte_map: [0x00000161f74f0000,0x00000161f76e0000] _byte_map_base: 0x00000161f6ed7000

Marking Bits: (CMBitMap*) 0x00000161f33f6330
 Bits: [0x00000161f76e0000, 0x00000161f8618000)

Polling page: 0x00000161f6ed0000

Metaspace:

Usage:
  Non-class:     57.58 MB used.
      Class:      8.77 MB used.
       Both:     66.34 MB used.

Virtual space:
  Non-class space:       64.00 MB reserved,      57.94 MB ( 91%) committed,  1 nodes.
      Class space:        1.00 GB reserved,       9.06 MB ( <1%) committed,  1 nodes.
             Both:        1.06 GB reserved,      67.00 MB (  6%) committed. 

Chunk freelists:
   Non-Class:  5.53 MB
       Class:  6.78 MB
        Both:  12.31 MB

MaxMetaspaceSize: unlimited
CompressedClassSpaceSize: 1.00 GB
Initial GC threshold: 21.00 MB
Current GC threshold: 109.38 MB
CDS: on
 - commit_granule_bytes: 65536.
 - commit_granule_words: 8192.
 - virtual_space_node_default_size: 8388608.
 - enlarge_chunks_in_place: 1.
 - use_allocation_guard: 0.


Internal statistics:

num_allocs_failed_limit: 9.
num_arena_births: 926.
num_arena_deaths: 0.
num_vsnodes_births: 2.
num_vsnodes_deaths: 0.
num_space_committed: 1072.
num_space_uncommitted: 0.
num_chunks_returned_to_freelist: 9.
num_chunks_taken_from_freelist: 3310.
num_chunk_merges: 9.
num_chunk_splits: 2359.
num_chunks_enlarged: 1814.
num_inconsistent_stats: 0.

CodeHeap 'non-profiled nmethods': size=120064Kb used=3636Kb max_used=3636Kb free=116427Kb
 bounds [0x0000016187ac0000, 0x0000016187e60000, 0x000001618f000000]
CodeHeap 'profiled nmethods': size=120000Kb used=11069Kb max_used=11414Kb free=108930Kb
 bounds [0x0000016180000000, 0x0000016180b30000, 0x0000016187530000]
CodeHeap 'non-nmethods': size=5696Kb used=1934Kb max_used=1983Kb free=3761Kb
 bounds [0x0000016187530000, 0x00000161877a0000, 0x0000016187ac0000]
 total_blobs=6510 nmethods=5769 adapters=645
 compilation: enabled
              stopped_count=0, restarted_count=0
 full_count=0

Compilation events (20 events):
Event: 23.812 Thread 0x00000161faa34c30 6715       2       org.springframework.beans.factory.support.DefaultSingletonBeanRegistry::afterSingletonCreation (41 bytes)
Event: 23.812 Thread 0x00000161faa34c30 nmethod 6715 0x00000161801cfe10 code [0x00000161801d0000, 0x00000161801d0298]
Event: 23.858 Thread 0x00000161faa34c30 6716       2       org.springframework.beans.factory.support.DefaultSingletonBeanRegistry::beforeSingletonCreation (36 bytes)
Event: 23.858 Thread 0x00000161faa34c30 nmethod 6716 0x0000016180226510 code [0x00000161802266e0, 0x0000016180226910]
Event: 23.866 Thread 0x00000161faa34c30 6717       2       org.springframework.aop.framework.autoproxy.AbstractAutoProxyCreator::postProcessBeforeInstantiation (149 bytes)
Event: 23.867 Thread 0x00000161faa34c30 nmethod 6717 0x000001618050b810 code [0x000001618050bb40, 0x000001618050c5a8]
Event: 23.872 Thread 0x00000161faa34c30 6718       1       java.util.Spliterators$EmptySpliterator::estimateSize (2 bytes)
Event: 23.872 Thread 0x00000161faa34c30 nmethod 6718 0x0000016187d4d210 code [0x0000016187d4d3a0, 0x0000016187d4d470]
Event: 23.887 Thread 0x00000161faa34c30 6719       1       org.springframework.aop.framework.autoproxy.AbstractAutoProxyCreator::determineCandidateConstructors (2 bytes)
Event: 23.887 Thread 0x00000161faa34c30 nmethod 6719 0x0000016187bb5a10 code [0x0000016187bb5ba0, 0x0000016187bb5c70]
Event: 23.888 Thread 0x00000161faa34c30 6720       1       org.springframework.beans.factory.config.SmartInstantiationAwareBeanPostProcessor::determineCandidateConstructors (2 bytes)
Event: 23.888 Thread 0x00000161faa34c30 nmethod 6720 0x0000016187bb5510 code [0x0000016187bb56a0, 0x0000016187bb5770]
Event: 23.895 Thread 0x00000161fa9c63e0 nmethod 6639 0x0000016187e43390 code [0x0000016187e43d80, 0x0000016187e4c100]
Event: 23.897 Thread 0x00000161fa9c63e0 6663   !   4       org.springframework.beans.factory.support.DefaultListableBeanFactory::doGetBeanNamesForType (505 bytes)
Event: 23.898 Thread 0x00000161faa34c30 6721   !   3       org.springframework.beans.factory.support.AbstractAutowireCapableBeanFactory::applyPropertyValues (506 bytes)
Event: 23.908 Thread 0x00000161faa34c30 nmethod 6721 0x0000016180152690 code [0x0000016180152d80, 0x0000016180157de0]
Event: 23.987 Thread 0x00000161faa34c30 6722       3       org.springframework.beans.factory.support.AbstractAutowireCapableBeanFactory::resolveBeforeInstantiation (83 bytes)
Event: 23.988 Thread 0x00000161faa34c30 nmethod 6722 0x00000161800df610 code [0x00000161800df860, 0x00000161800e0458]
Event: 24.032 Thread 0x00000161faa34c30 6723       3       java.lang.ThreadLocal::setInitialValue (64 bytes)
Event: 24.032 Thread 0x00000161faa34c30 nmethod 6723 0x000001618013ac10 code [0x000001618013ae60, 0x000001618013b8d8]

GC Heap History (20 events):
Event: 11.660 GC heap before
{Heap before GC invocations=9 (full 0):
 garbage-first heap   total 48128K, used 38898K [0x00000000c3200000, 0x0000000100000000)
  region size 1024K, 25 young (25600K), 3 survivors (3072K)
 Metaspace       used 29769K, committed 30272K, reserved 1114112K
  class space    used 3696K, committed 3904K, reserved 1048576K
}
Event: 11.673 GC heap after
{Heap after GC invocations=10 (full 0):
 garbage-first heap   total 48128K, used 18432K [0x00000000c3200000, 0x0000000100000000)
  region size 1024K, 2 young (2048K), 2 survivors (2048K)
 Metaspace       used 29769K, committed 30272K, reserved 1114112K
  class space    used 3696K, committed 3904K, reserved 1048576K
}
Event: 13.276 GC heap before
{Heap before GC invocations=10 (full 0):
 garbage-first heap   total 48128K, used 39936K [0x00000000c3200000, 0x0000000100000000)
  region size 1024K, 24 young (24576K), 2 survivors (2048K)
 Metaspace       used 35207K, committed 35776K, reserved 1114112K
  class space    used 4484K, committed 4736K, reserved 1048576K
}
Event: 13.285 GC heap after
{Heap after GC invocations=11 (full 0):
 garbage-first heap   total 48128K, used 19876K [0x00000000c3200000, 0x0000000100000000)
  region size 1024K, 2 young (2048K), 2 survivors (2048K)
 Metaspace       used 35207K, committed 35776K, reserved 1114112K
  class space    used 4484K, committed 4736K, reserved 1048576K
}
Event: 13.492 GC heap before
{Heap before GC invocations=11 (full 0):
 garbage-first heap   total 48128K, used 19876K [0x00000000c3200000, 0x0000000100000000)
  region size 1024K, 3 young (3072K), 2 survivors (2048K)
 Metaspace       used 35447K, committed 35968K, reserved 1114112K
  class space    used 4529K, committed 4736K, reserved 1048576K
}
Event: 13.499 GC heap after
{Heap after GC invocations=12 (full 0):
 garbage-first heap   total 48128K, used 19742K [0x00000000c3200000, 0x0000000100000000)
  region size 1024K, 2 young (2048K), 2 survivors (2048K)
 Metaspace       used 35447K, committed 35968K, reserved 1114112K
  class space    used 4529K, committed 4736K, reserved 1048576K
}
Event: 15.000 GC heap before
{Heap before GC invocations=13 (full 0):
 garbage-first heap   total 48128K, used 41246K [0x00000000c3200000, 0x0000000100000000)
  region size 1024K, 23 young (23552K), 2 survivors (2048K)
 Metaspace       used 44779K, committed 45312K, reserved 1114112K
  class space    used 5652K, committed 5888K, reserved 1048576K
}
Event: 15.011 GC heap after
{Heap after GC invocations=14 (full 0):
 garbage-first heap   total 58368K, used 21926K [0x00000000c3200000, 0x0000000100000000)
  region size 1024K, 3 young (3072K), 3 survivors (3072K)
 Metaspace       used 44779K, committed 45312K, reserved 1114112K
  class space    used 5652K, committed 5888K, reserved 1048576K
}
Event: 16.807 GC heap before
{Heap before GC invocations=14 (full 0):
 garbage-first heap   total 58368K, used 49574K [0x00000000c3200000, 0x0000000100000000)
  region size 1024K, 31 young (31744K), 3 survivors (3072K)
 Metaspace       used 53448K, committed 54016K, reserved 1114112K
  class space    used 6821K, committed 7104K, reserved 1048576K
}
Event: 16.820 GC heap after
{Heap after GC invocations=15 (full 0):
 garbage-first heap   total 58368K, used 23375K [0x00000000c3200000, 0x0000000100000000)
  region size 1024K, 4 young (4096K), 4 survivors (4096K)
 Metaspace       used 53448K, committed 54016K, reserved 1114112K
  class space    used 6821K, committed 7104K, reserved 1048576K
}
Event: 18.370 GC heap before
{Heap before GC invocations=15 (full 0):
 garbage-first heap   total 58368K, used 47951K [0x00000000c3200000, 0x0000000100000000)
  region size 1024K, 29 young (29696K), 4 survivors (4096K)
 Metaspace       used 59211K, committed 59904K, reserved 1114112K
  class space    used 7767K, committed 8064K, reserved 1048576K
}
Event: 18.382 GC heap after
{Heap after GC invocations=16 (full 0):
 garbage-first heap   total 58368K, used 25308K [0x00000000c3200000, 0x0000000100000000)
  region size 1024K, 4 young (4096K), 4 survivors (4096K)
 Metaspace       used 59211K, committed 59904K, reserved 1114112K
  class space    used 7767K, committed 8064K, reserved 1048576K
}
Event: 18.451 GC heap before
{Heap before GC invocations=16 (full 0):
 garbage-first heap   total 58368K, used 25308K [0x00000000c3200000, 0x0000000100000000)
  region size 1024K, 5 young (5120K), 4 survivors (4096K)
 Metaspace       used 59419K, committed 60096K, reserved 1114112K
  class space    used 7800K, committed 8128K, reserved 1048576K
}
Event: 18.469 GC heap after
{Heap after GC invocations=17 (full 0):
 garbage-first heap   total 58368K, used 25277K [0x00000000c3200000, 0x0000000100000000)
  region size 1024K, 2 young (2048K), 2 survivors (2048K)
 Metaspace       used 59419K, committed 60096K, reserved 1114112K
  class space    used 7800K, committed 8128K, reserved 1048576K
}
Event: 20.229 GC heap before
{Heap before GC invocations=18 (full 0):
 garbage-first heap   total 58368K, used 49853K [0x00000000c3200000, 0x0000000100000000)
  region size 1024K, 27 young (27648K), 2 survivors (2048K)
 Metaspace       used 63370K, committed 64064K, reserved 1114112K
  class space    used 8339K, committed 8640K, reserved 1048576K
}
Event: 20.239 GC heap after
{Heap after GC invocations=19 (full 0):
 garbage-first heap   total 58368K, used 27688K [0x00000000c3200000, 0x0000000100000000)
  region size 1024K, 4 young (4096K), 4 survivors (4096K)
 Metaspace       used 63370K, committed 64064K, reserved 1114112K
  class space    used 8339K, committed 8640K, reserved 1048576K
}
Event: 20.871 GC heap before
{Heap before GC invocations=19 (full 0):
 garbage-first heap   total 58368K, used 49192K [0x00000000c3200000, 0x0000000100000000)
  region size 1024K, 25 young (25600K), 4 survivors (4096K)
 Metaspace       used 63555K, committed 64192K, reserved 1114112K
  class space    used 8351K, committed 8640K, reserved 1048576K
}
Event: 20.884 GC heap after
{Heap after GC invocations=20 (full 0):
 garbage-first heap   total 58368K, used 27898K [0x00000000c3200000, 0x0000000100000000)
  region size 1024K, 1 young (1024K), 1 survivors (1024K)
 Metaspace       used 63555K, committed 64192K, reserved 1114112K
  class space    used 8351K, committed 8640K, reserved 1048576K
}
Event: 21.886 GC heap before
{Heap before GC invocations=20 (full 0):
 garbage-first heap   total 58368K, used 52474K [0x00000000c3200000, 0x0000000100000000)
  region size 1024K, 25 young (25600K), 1 survivors (1024K)
 Metaspace       used 66503K, committed 67200K, reserved 1114112K
  class space    used 8780K, committed 9088K, reserved 1048576K
}
Event: 21.896 GC heap after
{Heap after GC invocations=21 (full 0):
 garbage-first heap   total 58368K, used 30594K [0x00000000c3200000, 0x0000000100000000)
  region size 1024K, 4 young (4096K), 4 survivors (4096K)
 Metaspace       used 66503K, committed 67200K, reserved 1114112K
  class space    used 8780K, committed 9088K, reserved 1048576K
}

Dll operation events (11 events):
Event: 0.017 Loaded shared library C:\Users\axify\Desktop\eclipse-jee-2024-12-R-win32-x86_64\eclipse\plugins\org.eclipse.justj.openjdk.hotspot.jre.full.win32.x86_64_21.0.5.v20241023-1957\jre\bin\java.dll
Event: 0.075 Loaded shared library C:\Users\axify\Desktop\eclipse-jee-2024-12-R-win32-x86_64\eclipse\plugins\org.eclipse.justj.openjdk.hotspot.jre.full.win32.x86_64_21.0.5.v20241023-1957\jre\bin\zip.dll
Event: 0.412 Loaded shared library C:\Users\axify\Desktop\eclipse-jee-2024-12-R-win32-x86_64\eclipse\plugins\org.eclipse.justj.openjdk.hotspot.jre.full.win32.x86_64_21.0.5.v20241023-1957\jre\bin\net.dll
Event: 0.415 Loaded shared library C:\Users\axify\Desktop\eclipse-jee-2024-12-R-win32-x86_64\eclipse\plugins\org.eclipse.justj.openjdk.hotspot.jre.full.win32.x86_64_21.0.5.v20241023-1957\jre\bin\nio.dll
Event: 0.420 Loaded shared library C:\Users\axify\Desktop\eclipse-jee-2024-12-R-win32-x86_64\eclipse\plugins\org.eclipse.justj.openjdk.hotspot.jre.full.win32.x86_64_21.0.5.v20241023-1957\jre\bin\zip.dll
Event: 1.387 Loaded shared library C:\Users\axify\Desktop\eclipse-jee-2024-12-R-win32-x86_64\eclipse\plugins\org.eclipse.justj.openjdk.hotspot.jre.full.win32.x86_64_21.0.5.v20241023-1957\jre\bin\jimage.dll
Event: 3.162 Loaded shared library C:\Users\axify\Desktop\eclipse-jee-2024-12-R-win32-x86_64\eclipse\plugins\org.eclipse.justj.openjdk.hotspot.jre.full.win32.x86_64_21.0.5.v20241023-1957\jre\bin\management.dll
Event: 3.168 Loaded shared library C:\Users\axify\Desktop\eclipse-jee-2024-12-R-win32-x86_64\eclipse\plugins\org.eclipse.justj.openjdk.hotspot.jre.full.win32.x86_64_21.0.5.v20241023-1957\jre\bin\management_ext.dll
Event: 6.665 Loaded shared library C:\Users\axify\Desktop\eclipse-jee-2024-12-R-win32-x86_64\eclipse\plugins\org.eclipse.justj.openjdk.hotspot.jre.full.win32.x86_64_21.0.5.v20241023-1957\jre\bin\sunmscapi.dll
Event: 13.115 Loaded shared library C:\Users\axify\Desktop\eclipse-jee-2024-12-R-win32-x86_64\eclipse\plugins\org.eclipse.justj.openjdk.hotspot.jre.full.win32.x86_64_21.0.5.v20241023-1957\jre\bin\verify.dll
Event: 13.862 Loaded shared library C:\Users\axify\Desktop\eclipse-jee-2024-12-R-win32-x86_64\eclipse\plugins\org.eclipse.justj.openjdk.hotspot.jre.full.win32.x86_64_21.0.5.v20241023-1957\jre\bin\extnet.dll

Deoptimization events (20 events):
Event: 22.779 Thread 0x00000161ff717130 DEOPT PACKING pc=0x0000016187cd9a30 sp=0x00000055794fde50
Event: 22.780 Thread 0x00000161ff717130 DEOPT UNPACKING pc=0x0000016187587da2 sp=0x00000055794fdde8 mode 2
Event: 23.561 Thread 0x00000161ff717130 DEOPT PACKING pc=0x00000161806f504e sp=0x00000055794fc7e0
Event: 23.561 Thread 0x00000161ff717130 DEOPT UNPACKING pc=0x00000161875888e2 sp=0x00000055794fbd80 mode 0
Event: 23.582 Thread 0x00000161ff717130 Uncommon trap: trap_request=0xffffffde fr.pc=0x0000016187b4cc60 relative=0x0000000000000180
Event: 23.582 Thread 0x00000161ff717130 Uncommon trap: reason=class_check action=maybe_recompile pc=0x0000016187b4cc60 method=org.springframework.boot.context.properties.source.ConfigurationPropertyName$Elements.charAt(II)C @ 43 c2
Event: 23.582 Thread 0x00000161ff717130 DEOPT PACKING pc=0x0000016187b4cc60 sp=0x00000055794fc230
Event: 23.582 Thread 0x00000161ff717130 DEOPT UNPACKING pc=0x0000016187587da2 sp=0x00000055794fc1a8 mode 2
Event: 23.582 Thread 0x00000161ff717130 Uncommon trap: trap_request=0xffffffde fr.pc=0x0000016187b4cc60 relative=0x0000000000000180
Event: 23.582 Thread 0x00000161ff717130 Uncommon trap: reason=class_check action=maybe_recompile pc=0x0000016187b4cc60 method=org.springframework.boot.context.properties.source.ConfigurationPropertyName$Elements.charAt(II)C @ 43 c2
Event: 23.582 Thread 0x00000161ff717130 DEOPT PACKING pc=0x0000016187b4cc60 sp=0x00000055794fc230
Event: 23.582 Thread 0x00000161ff717130 DEOPT UNPACKING pc=0x0000016187587da2 sp=0x00000055794fc1a8 mode 2
Event: 23.706 Thread 0x00000161ff717130 Uncommon trap: trap_request=0xfffffff4 fr.pc=0x0000016187c1aea0 relative=0x0000000000000260
Event: 23.706 Thread 0x00000161ff717130 Uncommon trap: reason=null_check action=make_not_entrant pc=0x0000016187c1aea0 method=org.springframework.util.ClassUtils.isAssignable(Ljava/lang/Class;Ljava/lang/Class;)Z @ 14 c2
Event: 23.706 Thread 0x00000161ff717130 DEOPT PACKING pc=0x0000016187c1aea0 sp=0x00000055794fe150
Event: 23.706 Thread 0x00000161ff717130 DEOPT UNPACKING pc=0x0000016187587da2 sp=0x00000055794fe0e0 mode 2
Event: 23.885 Thread 0x00000161ff717130 Uncommon trap: trap_request=0xffffffc6 fr.pc=0x0000016187c3cc4c relative=0x000000000000030c
Event: 23.885 Thread 0x00000161ff717130 Uncommon trap: reason=bimorphic_or_optimized_type_check action=maybe_recompile pc=0x0000016187c3cc4c method=java.util.stream.AbstractPipeline.spliterator()Ljava/util/Spliterator; @ 112 c2
Event: 23.885 Thread 0x00000161ff717130 DEOPT PACKING pc=0x0000016187c3cc4c sp=0x00000055794fdb00
Event: 23.885 Thread 0x00000161ff717130 DEOPT UNPACKING pc=0x0000016187587da2 sp=0x00000055794fdaa8 mode 2

Classes loaded (20 events):
Event: 21.426 Loading class java/util/regex/PatternSyntaxException
Event: 21.426 Loading class java/util/regex/PatternSyntaxException done
Event: 21.431 Loading class java/util/Comparators$NullComparator
Event: 21.431 Loading class java/util/Comparators$NullComparator done
Event: 21.664 Loading class java/util/EnumMap$EntrySet
Event: 21.664 Loading class java/util/EnumMap$EntrySet done
Event: 21.664 Loading class java/util/EnumMap$EntryIterator
Event: 21.665 Loading class java/util/EnumMap$EnumMapIterator
Event: 21.665 Loading class java/util/EnumMap$EnumMapIterator done
Event: 21.665 Loading class java/util/EnumMap$EntryIterator done
Event: 23.344 Loading class java/lang/ExceptionInInitializerError
Event: 23.345 Loading class java/lang/ExceptionInInitializerError done
Event: 23.357 Loading class sun/util/resources/LocaleData$CommonResourceBundleProvider
Event: 23.358 Loading class sun/util/resources/LocaleData$LocaleDataResourceBundleProvider
Event: 23.358 Loading class java/util/spi/ResourceBundleProvider
Event: 23.358 Loading class java/util/spi/ResourceBundleProvider done
Event: 23.358 Loading class sun/util/resources/LocaleData$LocaleDataResourceBundleProvider done
Event: 23.358 Loading class sun/util/resources/LocaleData$CommonResourceBundleProvider done
Event: 23.359 Loading class sun/util/resources/Bundles$2
Event: 23.361 Loading class sun/util/resources/Bundles$2 done

Classes unloaded (0 events):
No events

Classes redefined (0 events):
No events

Internal exceptions (20 events):
Event: 18.014 Thread 0x00000161ff717130 Exception <a 'java/lang/NoSuchMethodError'{0x00000000c558ee80}: 'java.lang.Object java.lang.invoke.DirectMethodHandle$Holder.newInvokeSpecial(java.lang.Object, java.lang.Object, int, java.lang.Object, int, java.lang.Object, java.lang.Object)'> (0x00000000c558ee80) 
thrown [s\src\hotspot\share\interpreter\linkResolver.cpp, line 773]
Event: 18.039 Thread 0x00000161ff717130 Exception <a 'java/lang/NoSuchMethodError'{0x00000000c542bbf0}: 'java.lang.Object java.lang.invoke.DirectMethodHandle$Holder.newInvokeSpecial(java.lang.Object, java.lang.Object, java.lang.Object, java.lang.Object, java.lang.Object, java.lang.Object, java.lang.Object, int)'> (0x00000000c542bbf0) 
thrown [s\src\hotspot\share\interpreter\linkResolver.cpp, line 773]
Event: 18.039 Thread 0x00000161ff717130 Exception <a 'java/lang/NoSuchMethodError'{0x00000000c5430240}: 'java.lang.Object java.lang.invoke.DirectMethodHandle$Holder.invokeSpecial(java.lang.Object, java.lang.Object, java.lang.Object, java.lang.Object, java.lang.Object, java.lang.Object, java.lang.Object, java.lang.Object, int)'> (0x00000000c5430240) 
thrown [s\src\hotspot\share\interpreter\linkResolver.cpp, line 773]
Event: 18.039 Thread 0x00000161ff717130 Exception <a 'java/lang/NoSuchMethodError'{0x00000000c5434278}: 'java.lang.Object java.lang.invoke.Invokers$Holder.linkToTargetMethod(java.lang.Object, java.lang.Object, java.lang.Object, java.lang.Object, java.lang.Object, java.lang.Object, int, java.lang.Object)'> (0x00000000c5434278) 
thrown [s\src\hotspot\share\interpreter\linkResolver.cpp, line 773]
Event: 18.188 Thread 0x00000161ff717130 Exception <a 'java/lang/NoSuchMethodError'{0x00000000c54ef450}: 'void java.lang.invoke.DirectMethodHandle$Holder.invokeInterface(java.lang.Object, java.lang.Object)'> (0x00000000c54ef450) 
thrown [s\src\hotspot\share\interpreter\linkResolver.cpp, line 773]
Event: 18.773 Thread 0x00000161ff717130 Exception <a 'java/lang/NoSuchMethodError'{0x00000000c6721b40}: 'java.lang.Object java.lang.invoke.DirectMethodHandle$Holder.invokeSpecial(java.lang.Object, java.lang.Object, int, java.lang.Object, int)'> (0x00000000c6721b40) 
thrown [s\src\hotspot\share\interpreter\linkResolver.cpp, line 773]
Event: 18.846 Thread 0x00000161ff717130 Exception <a 'java/lang/NoSuchMethodError'{0x00000000c6604418}: 'void java.lang.invoke.Invokers$Holder.invokeExact_MT(java.lang.Object, java.lang.Object, java.lang.Object, java.lang.Object)'> (0x00000000c6604418) 
thrown [s\src\hotspot\share\interpreter\linkResolver.cpp, line 773]
Event: 18.925 Thread 0x00000161ff717130 Implicit null exception at 0x0000016187dc24f7 to 0x0000016187dc2760
Event: 18.953 Thread 0x00000161ff717130 Implicit null exception at 0x0000016187dacc3a to 0x0000016187dacc74
Event: 19.030 Thread 0x00000161ff717130 Exception <a 'java/lang/IncompatibleClassChangeError'{0x00000000c6234468}: Found class java.lang.Object, but interface was expected> (0x00000000c6234468) 
thrown [s\src\hotspot\share\interpreter\linkResolver.cpp, line 840]
Event: 19.052 Thread 0x00000161ff717130 Exception <a 'java/lang/IncompatibleClassChangeError'{0x00000000c62a3f10}: Found class java.lang.Object, but interface was expected> (0x00000000c62a3f10) 
thrown [s\src\hotspot\share\interpreter\linkResolver.cpp, line 840]
Event: 19.148 Thread 0x00000161ff717130 Exception <a 'java/lang/IncompatibleClassChangeError'{0x00000000c6005b18}: Found class java.lang.Object, but interface was expected> (0x00000000c6005b18) 
thrown [s\src\hotspot\share\interpreter\linkResolver.cpp, line 840]
Event: 19.764 Thread 0x00000161ff717130 Exception <a 'java/lang/IncompatibleClassChangeError'{0x00000000c599b7e0}: Found class java.lang.Object, but interface was expected> (0x00000000c599b7e0) 
thrown [s\src\hotspot\share\interpreter\linkResolver.cpp, line 840]
Event: 19.951 Thread 0x00000161ff717130 Exception <a 'java/lang/IncompatibleClassChangeError'{0x00000000c52ad0e0}: Found class java.lang.Object, but interface was expected> (0x00000000c52ad0e0) 
thrown [s\src\hotspot\share\interpreter\linkResolver.cpp, line 840]
Event: 21.102 Thread 0x00000161ff717130 Exception <a 'java/lang/NoSuchMethodError'{0x00000000c66d7e78}: 'java.lang.Object java.lang.invoke.DirectMethodHandle$Holder.newInvokeSpecial(java.lang.Object, java.lang.Object, java.lang.Object, java.lang.Object, java.lang.Object, java.lang.Object, java.lang.Object, java.lang.Object)'> (0x00000000c66d7e78) 
thrown [s\src\hotspot\share\interpreter\linkResolver.cpp, line 773]
Event: 21.711 Thread 0x00000161ff717130 Exception <a 'java/lang/IncompatibleClassChangeError'{0x00000000c578e818}: Found class java.lang.Object, but interface was expected> (0x00000000c578e818) 
thrown [s\src\hotspot\share\interpreter\linkResolver.cpp, line 840]
Event: 22.296 Thread 0x00000161ff717130 Exception <a 'java/lang/NoSuchMethodError'{0x00000000c6c42da0}: 'void java.lang.invoke.DirectMethodHandle$Holder.invokeVirtual(java.lang.Object, java.lang.Object, long)'> (0x00000000c6c42da0) 
thrown [s\src\hotspot\share\interpreter\linkResolver.cpp, line 773]
Event: 22.714 Thread 0x00000161ff717130 Exception <a 'java/lang/NoSuchMethodError'{0x00000000c6670c70}: 'int java.lang.invoke.DirectMethodHandle$Holder.invokeStaticInit(java.lang.Object, java.lang.Object, java.lang.Object, java.lang.Object)'> (0x00000000c6670c70) 
thrown [s\src\hotspot\share\interpreter\linkResolver.cpp, line 773]
Event: 23.668 Thread 0x00000161ff717130 Exception <a 'java/lang/IncompatibleClassChangeError'{0x00000000c630e430}: Found class java.lang.Object, but interface was expected> (0x00000000c630e430) 
thrown [s\src\hotspot\share\interpreter\linkResolver.cpp, line 840]
Event: 23.706 Thread 0x00000161ff717130 Implicit null exception at 0x0000016187c1ac68 to 0x0000016187c1ae8c

ZGC Phase Switch (0 events):
No events

VM Operations (20 events):
Event: 20.871 Executing VM operation: G1CollectForAllocation (G1 Evacuation Pause)
Event: 20.884 Executing VM operation: G1CollectForAllocation (G1 Evacuation Pause) done
Event: 21.201 Executing VM operation: HandshakeAllThreads (Deoptimize)
Event: 21.201 Executing VM operation: HandshakeAllThreads (Deoptimize) done
Event: 21.361 Executing VM operation: ICBufferFull
Event: 21.361 Executing VM operation: ICBufferFull done
Event: 21.408 Executing VM operation: HandshakeAllThreads (Deoptimize)
Event: 21.408 Executing VM operation: HandshakeAllThreads (Deoptimize) done
Event: 21.518 Executing VM operation: HandshakeAllThreads (Deoptimize)
Event: 21.518 Executing VM operation: HandshakeAllThreads (Deoptimize) done
Event: 21.886 Executing VM operation: G1CollectForAllocation (G1 Evacuation Pause)
Event: 21.896 Executing VM operation: G1CollectForAllocation (G1 Evacuation Pause) done
Event: 21.991 Executing VM operation: G1PauseRemark
Event: 22.014 Executing VM operation: G1PauseRemark done
Event: 22.041 Executing VM operation: G1PauseCleanup
Event: 22.041 Executing VM operation: G1PauseCleanup done
Event: 22.382 Executing VM operation: HandshakeAllThreads (Deoptimize)
Event: 22.382 Executing VM operation: HandshakeAllThreads (Deoptimize) done
Event: 23.387 Executing VM operation: Cleanup
Event: 23.388 Executing VM operation: Cleanup done

Memory protections (0 events):
No events

Nmethod flushes (20 events):
Event: 22.013 Thread 0x00000161fa9935f0 flushing  nmethod 0x000001618086b110
Event: 22.013 Thread 0x00000161fa9935f0 flushing  nmethod 0x0000016180890b90
Event: 22.013 Thread 0x00000161fa9935f0 flushing  nmethod 0x000001618089c990
Event: 22.013 Thread 0x00000161fa9935f0 flushing  nmethod 0x00000161808a4a90
Event: 22.013 Thread 0x00000161fa9935f0 flushing  nmethod 0x00000161808c4910
Event: 22.013 Thread 0x00000161fa9935f0 flushing  nmethod 0x00000161808d3710
Event: 22.013 Thread 0x00000161fa9935f0 flushing  nmethod 0x00000161808f6f10
Event: 22.013 Thread 0x00000161fa9935f0 flushing  nmethod 0x000001618096b490
Event: 22.013 Thread 0x00000161fa9935f0 flushing  nmethod 0x000001618096c510
Event: 22.013 Thread 0x00000161fa9935f0 flushing  nmethod 0x000001618096d210
Event: 22.013 Thread 0x00000161fa9935f0 flushing  nmethod 0x000001618096e510
Event: 22.013 Thread 0x00000161fa9935f0 flushing  nmethod 0x000001618097a490
Event: 22.013 Thread 0x00000161fa9935f0 flushing  nmethod 0x000001618097b590
Event: 22.013 Thread 0x00000161fa9935f0 flushing  nmethod 0x000001618097ba10
Event: 22.013 Thread 0x00000161fa9935f0 flushing  nmethod 0x000001618097e190
Event: 22.013 Thread 0x00000161fa9935f0 flushing  nmethod 0x000001618098db10
Event: 22.013 Thread 0x00000161fa9935f0 flushing  nmethod 0x000001618098ed10
Event: 22.013 Thread 0x00000161fa9935f0 flushing  nmethod 0x0000016180990110
Event: 22.013 Thread 0x00000161fa9935f0 flushing  nmethod 0x0000016180992a90
Event: 22.013 Thread 0x00000161fa9935f0 flushing  nmethod 0x0000016180993810

Events (20 events):
Event: 0.093 Thread 0x00000161f19bbd30 Thread added: 0x00000161fa9b8040
Event: 0.096 Thread 0x00000161f19bbd30 Thread added: 0x00000161fa9c0a10
Event: 0.097 Thread 0x00000161f19bbd30 Thread added: 0x00000161fa9c1550
Event: 0.097 Thread 0x00000161f19bbd30 Thread added: 0x00000161fa9c63e0
Event: 0.105 Thread 0x00000161f19bbd30 Thread added: 0x00000161faa34c30
Event: 0.393 Thread 0x00000161f19bbd30 Thread added: 0x00000161fac61890
Event: 0.400 Thread 0x00000161f19bbd30 Thread added: 0x00000161fac71e40
Event: 3.284 Thread 0x00000161f19bbd30 Thread added: 0x00000161ff6e3ce0
Event: 3.320 Thread 0x00000161ff6e3ce0 Thread added: 0x00000161ff717130
Event: 4.220 Thread 0x00000161ff717130 Thread added: 0x00000161d00fc520
Event: 6.673 Thread 0x00000161d00fc520 Thread exited: 0x00000161d00fc520
Event: 6.689 Thread 0x00000161ff717130 Thread added: 0x00000161d00fc520
Event: 6.799 Thread 0x00000161d00fc520 Thread exited: 0x00000161d00fc520
Event: 11.630 Thread 0x00000161ff717130 Thread added: 0x00000161d1c18880
Event: 11.633 Thread 0x00000161ff717130 Thread added: 0x00000161d104eda0
Event: 11.637 Thread 0x00000161ff717130 Thread added: 0x00000161d104f400
Event: 11.967 Thread 0x00000161ff717130 Thread added: 0x00000161d19e83d0
Event: 14.672 Thread 0x00000161ff717130 Thread added: 0x00000161d23fdf40
Event: 14.786 Thread 0x00000161d23fdf40 Thread added: 0x00000161d29cb460
Event: 21.172 Thread 0x00000161d29cb460 Thread exited: 0x00000161d29cb460


Dynamic libraries:
0x00007ff736510000 - 0x00007ff73651e000 	C:\Users\axify\Desktop\eclipse-jee-2024-12-R-win32-x86_64\eclipse\plugins\org.eclipse.justj.openjdk.hotspot.jre.full.win32.x86_64_21.0.5.v20241023-1957\jre\bin\javaw.exe
0x00007fffc3e00000 - 0x00007fffc4063000 	C:\WINDOWS\SYSTEM32\ntdll.dll
0x00007fff881a0000 - 0x00007fff881ba000 	C:\Program Files\Avast Software\Avast\aswhook.dll
0x00007fffc2400000 - 0x00007fffc24c7000 	C:\WINDOWS\System32\KERNEL32.DLL
0x00007fffc1000000 - 0x00007fffc13c9000 	C:\WINDOWS\System32\KERNELBASE.dll
0x00007fffc1540000 - 0x00007fffc168c000 	C:\WINDOWS\System32\ucrtbase.dll
0x00007fffb06f0000 - 0x00007fffb0708000 	C:\Users\axify\Desktop\eclipse-jee-2024-12-R-win32-x86_64\eclipse\plugins\org.eclipse.justj.openjdk.hotspot.jre.full.win32.x86_64_21.0.5.v20241023-1957\jre\bin\jli.dll
0x00007fffc3b70000 - 0x00007fffc3d3a000 	C:\WINDOWS\System32\USER32.dll
0x00007fffc1510000 - 0x00007fffc1537000 	C:\WINDOWS\System32\win32u.dll
0x00007fffc23d0000 - 0x00007fffc23fa000 	C:\WINDOWS\System32\GDI32.dll
0x00007fffc13d0000 - 0x00007fffc1501000 	C:\WINDOWS\System32\gdi32full.dll
0x00007fffc1b70000 - 0x00007fffc1c13000 	C:\WINDOWS\System32\msvcp_win.dll
0x00007fffaeea0000 - 0x00007fffaeebe000 	C:\Users\axify\Desktop\eclipse-jee-2024-12-R-win32-x86_64\eclipse\plugins\org.eclipse.justj.openjdk.hotspot.jre.full.win32.x86_64_21.0.5.v20241023-1957\jre\bin\VCRUNTIME140.dll
0x00007fffad200000 - 0x00007fffad490000 	C:\WINDOWS\WinSxS\amd64_microsoft.windows.common-controls_6595b64144ccf1df_6.0.26100.3323_none_3e088096e3344490\COMCTL32.dll
0x00007fffc1d00000 - 0x00007fffc1da9000 	C:\WINDOWS\System32\msvcrt.dll
0x00007fffc30d0000 - 0x00007fffc30ff000 	C:\WINDOWS\System32\IMM32.DLL
0x00007fffbdac0000 - 0x00007fffbdacc000 	C:\Users\axify\Desktop\eclipse-jee-2024-12-R-win32-x86_64\eclipse\plugins\org.eclipse.justj.openjdk.hotspot.jre.full.win32.x86_64_21.0.5.v20241023-1957\jre\bin\vcruntime140_1.dll
0x00007fff792c0000 - 0x00007fff7934d000 	C:\Users\axify\Desktop\eclipse-jee-2024-12-R-win32-x86_64\eclipse\plugins\org.eclipse.justj.openjdk.hotspot.jre.full.win32.x86_64_21.0.5.v20241023-1957\jre\bin\msvcp140.dll
0x00007fff71320000 - 0x00007fff720af000 	C:\Users\axify\Desktop\eclipse-jee-2024-12-R-win32-x86_64\eclipse\plugins\org.eclipse.justj.openjdk.hotspot.jre.full.win32.x86_64_21.0.5.v20241023-1957\jre\bin\server\jvm.dll
0x00007fffc2210000 - 0x00007fffc22c2000 	C:\WINDOWS\System32\ADVAPI32.dll
0x00007fffc2320000 - 0x00007fffc23c6000 	C:\WINDOWS\System32\sechost.dll
0x00007fffc20f0000 - 0x00007fffc2206000 	C:\WINDOWS\System32\RPCRT4.dll
0x00007fffc1dd0000 - 0x00007fffc1e44000 	C:\WINDOWS\System32\WS2_32.dll
0x00007fffc0e90000 - 0x00007fffc0ede000 	C:\WINDOWS\SYSTEM32\POWRPROF.dll
0x00007fffb9760000 - 0x00007fffb9796000 	C:\WINDOWS\SYSTEM32\WINMM.dll
0x00007fffb0810000 - 0x00007fffb081b000 	C:\WINDOWS\SYSTEM32\VERSION.dll
0x00007fffc0e70000 - 0x00007fffc0e84000 	C:\WINDOWS\SYSTEM32\UMPDC.dll
0x00007fffbfe20000 - 0x00007fffbfe3a000 	C:\WINDOWS\SYSTEM32\kernel.appcore.dll
0x00007fffb04d0000 - 0x00007fffb04da000 	C:\Users\axify\Desktop\eclipse-jee-2024-12-R-win32-x86_64\eclipse\plugins\org.eclipse.justj.openjdk.hotspot.jre.full.win32.x86_64_21.0.5.v20241023-1957\jre\bin\jimage.dll
0x00007fffbe900000 - 0x00007fffbeb41000 	C:\WINDOWS\SYSTEM32\DBGHELP.DLL
0x00007fffc2970000 - 0x00007fffc2cf2000 	C:\WINDOWS\System32\combase.dll
0x00007fffc1c20000 - 0x00007fffc1cf6000 	C:\WINDOWS\System32\OLEAUT32.dll
0x00007fffb07d0000 - 0x00007fffb0809000 	C:\WINDOWS\SYSTEM32\dbgcore.DLL
0x00007fffc1a10000 - 0x00007fffc1aa9000 	C:\WINDOWS\System32\bcryptPrimitives.dll
0x00007fffafb20000 - 0x00007fffafb3f000 	C:\Users\axify\Desktop\eclipse-jee-2024-12-R-win32-x86_64\eclipse\plugins\org.eclipse.justj.openjdk.hotspot.jre.full.win32.x86_64_21.0.5.v20241023-1957\jre\bin\java.dll
0x00007fffc3110000 - 0x00007fffc3825000 	C:\WINDOWS\System32\SHELL32.dll
0x00007fffc1690000 - 0x00007fffc17f8000 	C:\WINDOWS\System32\wintypes.dll
0x00007fffbed00000 - 0x00007fffbf545000 	C:\WINDOWS\SYSTEM32\windows.storage.dll
0x00007fffc2fe0000 - 0x00007fffc30cb000 	C:\WINDOWS\System32\SHCORE.dll
0x00007fffc2000000 - 0x00007fffc205d000 	C:\WINDOWS\System32\shlwapi.dll
0x00007fffc0f10000 - 0x00007fffc0f3f000 	C:\WINDOWS\SYSTEM32\profapi.dll
0x00007fffaf3f0000 - 0x00007fffaf408000 	C:\Users\axify\Desktop\eclipse-jee-2024-12-R-win32-x86_64\eclipse\plugins\org.eclipse.justj.openjdk.hotspot.jre.full.win32.x86_64_21.0.5.v20241023-1957\jre\bin\zip.dll
0x00007fffafce0000 - 0x00007fffafcf0000 	C:\Users\axify\Desktop\eclipse-jee-2024-12-R-win32-x86_64\eclipse\plugins\org.eclipse.justj.openjdk.hotspot.jre.full.win32.x86_64_21.0.5.v20241023-1957\jre\bin\net.dll
0x00007fffb1fb0000 - 0x00007fffb20ce000 	C:\WINDOWS\SYSTEM32\WINHTTP.dll
0x00007fffc0340000 - 0x00007fffc03aa000 	C:\WINDOWS\system32\mswsock.dll
0x00007fffaf3d0000 - 0x00007fffaf3e6000 	C:\Users\axify\Desktop\eclipse-jee-2024-12-R-win32-x86_64\eclipse\plugins\org.eclipse.justj.openjdk.hotspot.jre.full.win32.x86_64_21.0.5.v20241023-1957\jre\bin\nio.dll
0x00007fffbd5c0000 - 0x00007fffbd5ca000 	C:\Users\axify\Desktop\eclipse-jee-2024-12-R-win32-x86_64\eclipse\plugins\org.eclipse.justj.openjdk.hotspot.jre.full.win32.x86_64_21.0.5.v20241023-1957\jre\bin\management.dll
0x00007fffb0df0000 - 0x00007fffb0dfb000 	C:\Users\axify\Desktop\eclipse-jee-2024-12-R-win32-x86_64\eclipse\plugins\org.eclipse.justj.openjdk.hotspot.jre.full.win32.x86_64_21.0.5.v20241023-1957\jre\bin\management_ext.dll
0x00007fffc24d0000 - 0x00007fffc24d8000 	C:\WINDOWS\System32\PSAPI.DLL
0x00007fffaf510000 - 0x00007fffaf51e000 	C:\Users\axify\Desktop\eclipse-jee-2024-12-R-win32-x86_64\eclipse\plugins\org.eclipse.justj.openjdk.hotspot.jre.full.win32.x86_64_21.0.5.v20241023-1957\jre\bin\sunmscapi.dll
0x00007fffc1800000 - 0x00007fffc1977000 	C:\WINDOWS\System32\CRYPT32.dll
0x00007fffc07e0000 - 0x00007fffc0810000 	C:\WINDOWS\SYSTEM32\ncrypt.dll
0x00007fffc0790000 - 0x00007fffc07cf000 	C:\WINDOWS\SYSTEM32\NTASN1.dll
0x00007fffc05e0000 - 0x00007fffc05fc000 	C:\WINDOWS\SYSTEM32\CRYPTSP.dll
0x00007fffbfd80000 - 0x00007fffbfdba000 	C:\WINDOWS\system32\rsaenh.dll
0x00007fffc03e0000 - 0x00007fffc040b000 	C:\WINDOWS\SYSTEM32\USERENV.dll
0x00007fffc0820000 - 0x00007fffc0846000 	C:\WINDOWS\SYSTEM32\bcrypt.dll
0x00007fffc0600000 - 0x00007fffc060c000 	C:\WINDOWS\SYSTEM32\CRYPTBASE.dll
0x00007fffbf9a0000 - 0x00007fffbf9d3000 	C:\WINDOWS\SYSTEM32\IPHLPAPI.DLL
0x00007fffc2f20000 - 0x00007fffc2f2a000 	C:\WINDOWS\System32\NSI.dll
0x00007fffb2cb0000 - 0x00007fffb2cc0000 	C:\Users\axify\Desktop\eclipse-jee-2024-12-R-win32-x86_64\eclipse\plugins\org.eclipse.justj.openjdk.hotspot.jre.full.win32.x86_64_21.0.5.v20241023-1957\jre\bin\verify.dll
0x00007fffbf9e0000 - 0x00007fffbfb05000 	C:\WINDOWS\SYSTEM32\DNSAPI.dll
0x00007fffb11f0000 - 0x00007fffb11fb000 	C:\Windows\System32\rasadhlp.dll
0x00007fffb3a10000 - 0x00007fffb3a95000 	C:\WINDOWS\System32\fwpuclnt.dll
0x00007fffaf200000 - 0x00007fffaf209000 	C:\Users\axify\Desktop\eclipse-jee-2024-12-R-win32-x86_64\eclipse\plugins\org.eclipse.justj.openjdk.hotspot.jre.full.win32.x86_64_21.0.5.v20241023-1957\jre\bin\extnet.dll

dbghelp: loaded successfully - version: 4.0.5 - missing functions: none
symbol engine: initialized successfully - sym options: 0x614 - pdb path: .;C:\Users\axify\Desktop\eclipse-jee-2024-12-R-win32-x86_64\eclipse\plugins\org.eclipse.justj.openjdk.hotspot.jre.full.win32.x86_64_21.0.5.v20241023-1957\jre\bin;C:\WINDOWS\SYSTEM32;C:\Program Files\Avast Software\Avast;C:\WINDOWS\WinSxS\amd64_microsoft.windows.common-controls_6595b64144ccf1df_6.0.26100.3323_none_3e088096e3344490;C:\Users\axify\Desktop\eclipse-jee-2024-12-R-win32-x86_64\eclipse\plugins\org.eclipse.justj.openjdk.hotspot.jre.full.win32.x86_64_21.0.5.v20241023-1957\jre\bin\server

VM Arguments:
jvm_args: -Dfile.encoding=UTF-8 -Dstdout.encoding=UTF-8 -Dstderr.encoding=UTF-8 -XX:+ShowCodeDetailsInExceptionMessages 
java_command: myy803.springboot.sb_tutorial_7_signup_signin.SbTutorial7SignupSigninApplication
java_class_path (initial): C:\Users\axify\Downloads\myy803_springboot_web_app_tutorials-master\myy803_springboot_web_app_tutorials-master\sb_tutorial_7_signup_signin\target\classes;C:\Users\axify\.m2\repository\org\springframework\boot\spring-boot-starter-data-jpa\3.2.2\spring-boot-starter-data-jpa-3.2.2.jar;C:\Users\axify\.m2\repository\org\springframework\boot\spring-boot-starter-aop\3.2.2\spring-boot-starter-aop-3.2.2.jar;C:\Users\axify\.m2\repository\org\aspectj\aspectjweaver\1.9.21\aspectjweaver-1.9.21.jar;C:\Users\axify\.m2\repository\org\springframework\boot\spring-boot-starter-jdbc\3.2.2\spring-boot-starter-jdbc-3.2.2.jar;C:\Users\axify\.m2\repository\com\zaxxer\HikariCP\5.0.1\HikariCP-5.0.1.jar;C:\Users\axify\.m2\repository\org\springframework\spring-jdbc\6.1.3\spring-jdbc-6.1.3.jar;C:\Users\axify\.m2\repository\org\hibernate\orm\hibernate-core\6.4.1.Final\hibernate-core-6.4.1.Final.jar;C:\Users\axify\.m2\repository\jakarta\persistence\jakarta.persistence-api\3.1.0\jakarta.persistence-api-3.1.0.jar;C:\Users\axify\.m2\repository\jakarta\transaction\jakarta.transaction-api\2.0.1\jakarta.transaction-api-2.0.1.jar;C:\Users\axify\.m2\repository\org\jboss\logging\jboss-logging\3.5.3.Final\jboss-logging-3.5.3.Final.jar;C:\Users\axify\.m2\repository\org\hibernate\common\hibernate-commons-annotations\6.0.6.Final\hibernate-commons-annotations-6.0.6.Final.jar;C:\Users\axify\.m2\repository\io\smallrye\jandex\3.1.2\jandex-3.1.2.jar;C:\Users\axify\.m2\repository\com\fasterxml\classmate\1.6.0\classmate-1.6.0.jar;C:\Users\axify\.m2\repository\net\bytebuddy\byte-buddy\1.14.11\byte-buddy-1.14.11.jar;C:\Users\axify\.m2\repository\org\glassfish\jaxb\jaxb-runtime\4.0.4\jaxb-runtime-4.0.4.jar;C:\Users\axify\.m2\repository\org\glassfish\jaxb\jaxb-core\4.0.4\jaxb-core-4.0.4.jar;C:\Users\axify\.m2\repository\org\eclipse\angus\angus-activation\2.0.1\angus-activation-2.0.1.jar;C:\Users\axify\.m2\repository\org\glassfish\jaxb\txw2\4.0.4\txw2-4.0.4.jar;C:\Users\axify\.m2\repository\com\sun\istack\istack-commons-runtime\4.1.2\istack-commons-runtime-4.1.2.jar;C:\Users\axify\.m2\repository\jakarta\inject\jakarta.inject-api\2.0.1\jakarta.inject-api-2.0.1.jar;C:\Users\axify\.m2\repository\org\antlr\antlr4-runtime\4.13.0\antlr4-runtime-4.13.0.jar;C:\Users\axify\.m2\repository\org\springframework\data\spring-data-jpa\3.2.2\spring-data-jpa-3.2.2.jar;C:\Users\axify\.m2\repository\org\springframework\data\spring-data-commons\3.2.2\spring-data-commons-3.2.2.jar;C:\Users\axify\.m2\repository\org\springframework\spring-orm\6.1.3\spring-orm-6.1.3.jar;C:\Users\axify\.m2\repository\org\springframework\spring-context\6.1.3\spring-context-6.1.3.jar;C:\Users\axify\.m2\repository\org\springframework\spring-tx\6.1.3\spring-tx-6.1.3.jar;C:\Users\axify\.m2\repository\org\springframework\spring-beans\6.1.3\spring-beans-6.1.3.jar;C:\Users\axify\.m2\repository\jakarta\annotation\jakarta.annotation-api\2.1.1\jakarta.annotation-api-2.1.1.jar;C:\Users\axify\.m2\repository\org\springframework\spring-aspects\6.1.3\spring-aspects-6.1.3.jar;C:\Users\axify\.m2\repository\org\springframework\boot\spring-boot-starter-security\3.2.2\spring-boot-starter-security-3.2.2.jar;C:\Users\axify\.m2\repository\org\springframework\boot\spring-boot-starter\3.2.2\spring-boot-starter-3.2.2.jar;C:\Users\axify\.m2\repository\org\springframework\boot\spring-boot-starter-logging\3.2.2\spring-boot-starter-logging-3.2.2.jar;C:\Users\axify\.m2\repository\ch\qos\logback\logback-classic\1.4.14\logback-classic-1.4.14.jar;C:\Users\axify\.m2\repository\ch\qos\logback\logback-core\1.4.14\logback-core-1.4.14.jar;C:\Users\axify\.m2\repository\org\apache\logging\log4j\log4j-to-slf4j\2.21.1\log4j-to-slf4j-2.21.1.jar;C:\Users\axify\.m2\repository\org\apache\logging\log4j\log4j-api\2.21.1\log4j-api-2.21.1.jar;C:\Users\axify\.m2\repository\org\slf4j\jul-to-slf4j\2.0.11\jul-to-slf4j-2.0.11.jar;C:\Users\axify\.m2\repository\org\yaml\snakeyaml\2.2\snakeyaml-2.2.jar;C:\Users\axify\.m2\repository\org\springframework\spring-aop\6.1.3\spring-aop-6.1.3.jar;C:\Users\axify\.m2\repository\org\springframework\security\spring-security-config\6.2.1\spring-security-config-6.2.1.jar;C:\Users\axify\.m2\repository\org\springframework\security\spring-security-web\6.2.1\spring-security-web-6.2.1.jar;C:\Users\axify\.m2\repository\org\springframework\spring-expression\6.1.3\spring-expression-6.1.3.jar;C:\Users\axify\.m2\repository\org\springframework\boot\spring-boot-starter-thymeleaf\3.2.2\spring-boot-starter-thymeleaf-3.2.2.jar;C:\Users\axify\.m2\repository\org\thymeleaf\thymeleaf-spring6\3.1.2.RELEASE\thymeleaf-spring6-3.1.2.RELEASE.jar;C:\Users\axify\.m2\repository\org\thymeleaf\thymeleaf\3.1.2.RELEASE\thymeleaf-3.1.2.RELEASE.jar;C:\Users\axify\.m2\repository\org\attoparser\attoparser\2.0.7.RELEASE\attoparser-2.0.7.RELEASE.jar;C:\Users\axify\.m2\repository\org\unbescape\unbescape\1.1.6.RELEASE\unbescape-1.1.6.RELEASE.jar;C:\Users\axify\.m2\repository\org\springframework\boot\spring-boot-starter-web\3.2.2\spring-boot-starter-web-3.2.2.jar;C:\Users\axify\.m2\repository\org\springframework\boot\spring-boot-starter-json\3.2.2\spring-boot-starter-json-3.2.2.jar;C:\Users\axify\.m2\repository\com\fasterxml\jackson\core\jackson-databind\2.15.3\jackson-databind-2.15.3.jar;C:\Users\axify\.m2\repository\com\fasterxml\jackson\core\jackson-annotations\2.15.3\jackson-annotations-2.15.3.jar;C:\Users\axify\.m2\repository\com\fasterxml\jackson\core\jackson-core\2.15.3\jackson-core-2.15.3.jar;C:\Users\axify\.m2\repository\com\fasterxml\jackson\datatype\jackson-datatype-jdk8\2.15.3\jackson-datatype-jdk8-2.15.3.jar;C:\Users\axify\.m2\repository\com\fasterxml\jackson\datatype\jackson-datatype-jsr310\2.15.3\jackson-datatype-jsr310-2.15.3.jar;C:\Users\axify\.m2\repository\com\fasterxml\jackson\module\jackson-module-parameter-names\2.15.3\jackson-module-parameter-names-2.15.3.jar;C:\Users\axify\.m2\repository\org\springframework\boot\spring-boot-starter-tomcat\3.2.2\spring-boot-starter-tomcat-3.2.2.jar;C:\Users\axify\.m2\repository\org\apache\tomcat\embed\tomcat-embed-core\10.1.18\tomcat-embed-core-10.1.18.jar;C:\Users\axify\.m2\repository\org\apache\tomcat\embed\tomcat-embed-el\10.1.18\tomcat-embed-el-10.1.18.jar;C:\Users\axify\.m2\repository\org\apache\tomcat\embed\tomcat-embed-websocket\10.1.18\tomcat-embed-websocket-10.1.18.jar;C:\Users\axify\.m2\repository\org\springframework\spring-web\6.1.3\spring-web-6.1.3.jar;C:\Users\axify\.m2\repository\io\micrometer\micrometer-observation\1.12.2\micrometer-observation-1.12.2.jar;C:\Users\axify\.m2\repository\io\micrometer\micrometer-commons\1.12.2\micrometer-commons-1.12.2.jar;C:\Users\axify\.m2\repository\org\springframework\spring-webmvc\6.1.3\spring-webmvc-6.1.3.jar;C:\Users\axify\.m2\repository\org\thymeleaf\extras\thymeleaf-extras-springsecurity6\3.1.2.RELEASE\thymeleaf-extras-springsecurity6-3.1.2.RELEASE.jar;C:\Users\axify\.m2\repository\org\slf4j\slf4j-api\2.0.11\slf4j-api-2.0.11.jar;C:\Users\axify\.m2\repository\com\mysql\mysql-connector-j\8.3.0\mysql-connector-j-8.3.0.jar;C:\Users\axify\.m2\repository\jakarta\xml\bind\jakarta.xml.bind-api\4.0.1\jakarta.xml.bind-api-4.0.1.jar;C:\Users\axify\.m2\repository\jakarta\activation\jakarta.activation-api\2.1.2\jakarta.activation-api-2.1.2.jar;C:\Users\axify\.m2\repository\org\springframework\spring-core\6.1.3\spring-core-6.1.3.jar;C:\Users\axify\.m2\repository\org\springframework\spring-jcl\6.1.3\spring-jcl-6.1.3.jar;C:\Users\axify\.m2\repository\org\springframework\security\spring-security-core\6.2.1\spring-security-core-6.2.1.jar;C:\Users\axify\.m2\repository\org\springframework\security\spring-security-crypto\6.2.1\spring-security-crypto-6.2.1.jar;C:\Users\axify\.m2\repository\org\springframework\boot\spring-boot-devtools\3.2.2\spring-boot-devtools-3.2.2.jar;C:\Users\axify\.m2\repository\org\springframework\boot\spring-boot\3.2.2\spring-boot-3.2.2.jar;C:\Users\axify\.m2\repository\org\springframework\boot\spring-boot-autoconfigure\3.2.2\spring-boot-autoconfigure-3.2.2.jar
Launcher Type: SUN_STANDARD

[Global flags]
     intx CICompilerCount                          = 2                                         {product} {ergonomic}
     uint ConcGCThreads                            = 1                                         {product} {ergonomic}
     uint G1ConcRefinementThreads                  = 2                                         {product} {ergonomic}
   size_t G1HeapRegionSize                         = 1048576                                   {product} {ergonomic}
    uintx GCDrainStackTargetSize                   = 64                                        {product} {ergonomic}
   size_t InitialHeapSize                          = 65011712                                  {product} {ergonomic}
   size_t MarkStackSize                            = 4194304                                   {product} {ergonomic}
   size_t MaxHeapSize                              = 1021313024                                {product} {ergonomic}
   size_t MaxNewSize                               = 612368384                                 {product} {ergonomic}
   size_t MinHeapDeltaBytes                        = 1048576                                   {product} {ergonomic}
   size_t MinHeapSize                              = 8388608                                   {product} {ergonomic}
    uintx NonNMethodCodeHeapSize                   = 5826188                                {pd product} {ergonomic}
    uintx NonProfiledCodeHeapSize                  = 122916026                              {pd product} {ergonomic}
    uintx ProfiledCodeHeapSize                     = 122916026                              {pd product} {ergonomic}
    uintx ReservedCodeCacheSize                    = 251658240                              {pd product} {ergonomic}
     bool SegmentedCodeCache                       = true                                      {product} {ergonomic}
     bool ShowCodeDetailsInExceptionMessages       = true                                   {manageable} {command line}
   size_t SoftMaxHeapSize                          = 1021313024                             {manageable} {ergonomic}
     bool UseCompressedOops                        = true                           {product lp64_product} {ergonomic}
     bool UseG1GC                                  = true                                      {product} {ergonomic}
     bool UseLargePagesIndividualAllocation        = false                                  {pd product} {ergonomic}

Logging:
Log output configuration:
 #0: stdout all=warning uptime,level,tags foldmultilines=false
 #1: stderr all=off uptime,level,tags foldmultilines=false

Environment Variables:
PATH=C:/Users/axify/Desktop/eclipse-jee-2024-12-R-win32-x86_64/eclipse//plugins/org.eclipse.justj.openjdk.hotspot.jre.full.win32.x86_64_21.0.5.v20241023-1957/jre/bin/server;C:/Users/axify/Desktop/eclipse-jee-2024-12-R-win32-x86_64/eclipse//plugins/org.eclipse.justj.openjdk.hotspot.jre.full.win32.x86_64_21.0.5.v20241023-1957/jre/bin;C:\WINDOWS\system32;C:\WINDOWS;C:\WINDOWS\System32\Wbem;C:\WINDOWS\System32\WindowsPowerShell\v1.0\;C:\WINDOWS\System32\OpenSSH\;C:\Program Files\MySQL\MySQL Shell 8.0\bin\;C:\Users\axify\AppData\Local\Programs\Python\Python312\Scripts\;C:\Users\axify\AppData\Local\Programs\Python\Launcher\;C:\Users\axify\AppData\Local\Microsoft\WindowsApps;C:\Users\axify\AppData\Local\Programs\Microsoft VS Code\bin;C:\msys64\ucrt64\bin;;C:\Users\axify\Desktop\eclipse-jee-2024-12-R-win32-x86_64\eclipse;
USERNAME=axify
OS=Windows_NT
PROCESSOR_IDENTIFIER=Intel64 Family 6 Model 140 Stepping 1, GenuineIntel
TMP=C:\Users\axify\AppData\Local\Temp
TEMP=C:\Users\axify\AppData\Local\Temp




Periodic native trim disabled

---------------  S Y S T E M  ---------------

OS:
 Windows 11 , 64 bit Build 26100 (10.0.26100.3323)
OS uptime: 3 days 1:02 hours

CPU: total 2 (initial active 2) (2 cores per cpu, 1 threads per core) family 6 model 140 stepping 1 microcode 0x8a, cx8, cmov, fxsr, mmx, 3dnowpref, sse, sse2, sse3, ssse3, sse4.1, sse4.2, popcnt, lzcnt, tsc, tscinvbit, avx, avx2, aes, erms, clmul, bmi1, bmi2, adx, avx512f, avx512dq, avx512cd, avx512bw, avx512vl, sha, fma, vzeroupper, avx512_vpopcntdq, avx512_vpclmulqdq, avx512_vaes, avx512_vnni, clflush, clflushopt, clwb, avx512_vbmi2, avx512_vbmi, rdtscp, rdpid, fsrm, gfni, avx512_bitalg, f16c, pku, cet_ibt, cet_ss, avx512_ifma
Processor Information for all 2 processors :
  Max Mhz: 1805, Current Mhz: 1805, Mhz Limit: 1805

Memory: 4k page, system-wide physical 3895M (468M free)
TotalPageFile size 8993M (AvailPageFile size 6M)
current process WorkingSet (physical memory assigned to process): 241M, peak: 251M
current process commit charge ("private bytes"): 268M, peak: 271M

vm_info: OpenJDK 64-Bit Server VM (21.0.5+11-LTS) for windows-amd64 JRE (21.0.5+11-LTS), built on 2024-10-15T00:00:00Z by "admin" with MS VC++ 17.7 (VS2022)

END.
